Connecting to database specified by database.yml
Connecting to database specified by database.yml
  [1m[36m (0.2ms)[0m  [1mselect sqlite_version(*)[0m
  [1m[35m (2.1ms)[0m  CREATE TABLE "schema_migrations" ("version" varchar(255) NOT NULL) 
  [1m[36m (1.6ms)[0m  [1mCREATE UNIQUE INDEX "unique_schema_migrations" ON "schema_migrations" ("version")[0m
  [1m[35m (38.0ms)[0m  SELECT "schema_migrations"."version" FROM "schema_migrations" 
Migrating to DeviseCreateUsers (20121218095311)
  [1m[36m (0.0ms)[0m  [1mbegin transaction[0m
  [1m[35m (0.6ms)[0m  CREATE TABLE "users" ("id" INTEGER PRIMARY KEY AUTOINCREMENT NOT NULL, "email" varchar(255) DEFAULT '' NOT NULL, "encrypted_password" varchar(255) DEFAULT '' NOT NULL, "reset_password_token" varchar(255), "reset_password_sent_at" datetime, "remember_created_at" datetime, "sign_in_count" integer DEFAULT 0, "current_sign_in_at" datetime, "last_sign_in_at" datetime, "current_sign_in_ip" varchar(255), "last_sign_in_ip" varchar(255), "created_at" datetime NOT NULL, "updated_at" datetime NOT NULL) 
  [1m[36m (0.4ms)[0m  [1mCREATE UNIQUE INDEX "index_users_on_email" ON "users" ("email")[0m
  [1m[35m (0.1ms)[0m  CREATE UNIQUE INDEX "index_users_on_reset_password_token" ON "users" ("reset_password_token")
  [1m[36m (0.1ms)[0m  [1mINSERT INTO "schema_migrations" ("version") VALUES ('20121218095311')[0m
  [1m[35m (13.2ms)[0m  commit transaction
  [1m[36m (0.1ms)[0m  [1mSELECT "schema_migrations"."version" FROM "schema_migrations" [0m
Connecting to database specified by database.yml
Connecting to database specified by database.yml


Started GET "/users/sign_up" for 127.0.0.1 at 2012-12-18 10:54:26 +0100
Processing by Devise::RegistrationsController#new as HTML
  Rendered /Users/Jannik/.rvm/gems/ruby-1.9.3-p327@leeze/gems/devise-2.1.2/app/views/devise/shared/_links.erb (1.9ms)
  Rendered /Users/Jannik/.rvm/gems/ruby-1.9.3-p327@leeze/gems/devise-2.1.2/app/views/devise/registrations/new.html.erb within layouts/application (80.6ms)
Compiled application.css  (0ms)  (pid 33965)
Compiled jquery.js  (2ms)  (pid 33965)
Compiled jquery_ujs.js  (3ms)  (pid 33965)
Compiled application.js  (153ms)  (pid 33965)
Completed 200 OK in 448ms (Views: 358.9ms | ActiveRecord: 2.5ms)


Started GET "/assets/jquery_ujs.js?body=1" for 127.0.0.1 at 2012-12-18 10:54:26 +0100
Served asset /jquery_ujs.js - 200 OK (3ms)


Started GET "/assets/application.js?body=1" for 127.0.0.1 at 2012-12-18 10:54:26 +0100
Served asset /application.js - 200 OK (4ms)


Started GET "/assets/application.css?body=1" for 127.0.0.1 at 2012-12-18 10:54:26 +0100
Served asset /application.css - 200 OK (1ms)


Started GET "/assets/jquery.js?body=1" for 127.0.0.1 at 2012-12-18 10:54:26 +0100
Served asset /jquery.js - 200 OK (3ms)


Started POST "/users" for 127.0.0.1 at 2012-12-18 10:54:41 +0100
Processing by Devise::RegistrationsController#create as HTML
  Parameters: {"utf8"=>"✓", "authenticity_token"=>"EzWyl2HVY79xNbXofbnyJUNSuck9BflJ5gl2SZrM9Fo=", "user"=>{"email"=>"Jannik.v.s@gmx.de", "password"=>"[FILTERED]", "password_confirmation"=>"[FILTERED]"}, "commit"=>"Sign up"}
  [1m[36m (0.1ms)[0m  [1mbegin transaction[0m
  [1m[35mUser Exists (0.3ms)[0m  SELECT 1 AS one FROM "users" WHERE "users"."email" = 'jannik.v.s@gmx.de' LIMIT 1
Binary data inserted for `string` type on column `encrypted_password`
  [1m[36mSQL (196.3ms)[0m  [1mINSERT INTO "users" ("created_at", "current_sign_in_at", "current_sign_in_ip", "email", "encrypted_password", "last_sign_in_at", "last_sign_in_ip", "remember_created_at", "reset_password_sent_at", "reset_password_token", "sign_in_count", "updated_at") VALUES (?, ?, ?, ?, ?, ?, ?, ?, ?, ?, ?, ?)[0m  [["created_at", Tue, 18 Dec 2012 09:54:41 UTC +00:00], ["current_sign_in_at", nil], ["current_sign_in_ip", nil], ["email", "jannik.v.s@gmx.de"], ["encrypted_password", "$2a$10$YuEz7YUNItPZtiWx7t6TQOQYoHUhpP.Fun1BQrRjmh1cIA39iKmca"], ["last_sign_in_at", nil], ["last_sign_in_ip", nil], ["remember_created_at", nil], ["reset_password_sent_at", nil], ["reset_password_token", nil], ["sign_in_count", 0], ["updated_at", Tue, 18 Dec 2012 09:54:41 UTC +00:00]]
  [1m[35m (5.0ms)[0m  commit transaction
  [1m[36m (0.1ms)[0m  [1mbegin transaction[0m
  [1m[35m (0.6ms)[0m  UPDATE "users" SET "last_sign_in_at" = '2012-12-18 09:54:42.145284', "current_sign_in_at" = '2012-12-18 09:54:42.145284', "last_sign_in_ip" = '127.0.0.1', "current_sign_in_ip" = '127.0.0.1', "sign_in_count" = 1, "updated_at" = '2012-12-18 09:54:42.146939' WHERE "users"."id" = 1
  [1m[36m (34.5ms)[0m  [1mcommit transaction[0m
Redirected to http://localhost:3000/
Completed 302 Found in 712ms (ActiveRecord: 0.0ms)


Started GET "/users/password/new" for 127.0.0.1 at 2012-12-18 10:54:45 +0100
Processing by Devise::PasswordsController#new as HTML
  [1m[35mUser Load (0.3ms)[0m  SELECT "users".* FROM "users" WHERE "users"."id" = 1 LIMIT 1
Redirected to http://localhost:3000/
Filter chain halted as :require_no_authentication rendered or redirected
Completed 302 Found in 81ms (ActiveRecord: 0.3ms)
Connecting to database specified by database.yml
Connecting to database specified by database.yml
  [1m[36m (2.3ms)[0m  [1mSELECT "schema_migrations"."version" FROM "schema_migrations" [0m
Migrating to DeviseCreateUsers (20121218095311)
  [1m[35m (0.1ms)[0m  select sqlite_version(*)
  [1m[36m (0.1ms)[0m  [1mSELECT "schema_migrations"."version" FROM "schema_migrations" [0m
Connecting to database specified by database.yml


Started GET "/users/sign_up" for 127.0.0.1 at 2012-12-18 11:00:20 +0100
Processing by Devise::RegistrationsController#new as HTML
  [1m[36mUser Load (0.2ms)[0m  [1mSELECT "users".* FROM "users" WHERE "users"."id" = 1 LIMIT 1[0m
Redirected to http://localhost:3000/
Filter chain halted as :require_no_authentication rendered or redirected
Completed 302 Found in 503ms (ActiveRecord: 3.2ms)


Started GET "/users/sign_up" for 127.0.0.1 at 2012-12-18 11:00:26 +0100
Processing by Devise::RegistrationsController#new as HTML
  [1m[35mUser Load (0.2ms)[0m  SELECT "users".* FROM "users" WHERE "users"."id" = 1 LIMIT 1
Redirected to http://localhost:3000/
Filter chain halted as :require_no_authentication rendered or redirected
Completed 302 Found in 3ms (ActiveRecord: 0.2ms)


Started GET "/users/sign_up" for 127.0.0.1 at 2012-12-18 11:00:50 +0100
Processing by Devise::RegistrationsController#new as HTML
  [1m[36mUser Load (0.2ms)[0m  [1mSELECT "users".* FROM "users" WHERE "users"."id" = 1 LIMIT 1[0m
Redirected to http://localhost:3000/
Filter chain halted as :require_no_authentication rendered or redirected
Completed 302 Found in 1ms (ActiveRecord: 0.2ms)
Connecting to database specified by database.yml
  [1m[36m (3.2ms)[0m  [1mSELECT "schema_migrations"."version" FROM "schema_migrations" [0m
Migrating to DeviseCreateUsers (20121218095311)
  [1m[35m (0.1ms)[0m  select sqlite_version(*)
  [1m[36m (0.1ms)[0m  [1mSELECT "schema_migrations"."version" FROM "schema_migrations" [0m
Connecting to database specified by database.yml


Started GET "/users/sign_up" for 127.0.0.1 at 2012-12-18 11:02:20 +0100
Processing by Devise::RegistrationsController#new as HTML
  [1m[36mUser Load (0.2ms)[0m  [1mSELECT "users".* FROM "users" WHERE "users"."id" = 1 LIMIT 1[0m
Redirected to http://localhost:3000/
Filter chain halted as :require_no_authentication rendered or redirected
Completed 302 Found in 431ms (ActiveRecord: 4.7ms)
Connecting to database specified by database.yml
Connecting to database specified by database.yml


Started GET "/users/sign_up" for 127.0.0.1 at 2012-12-18 11:03:37 +0100
Processing by Devise::RegistrationsController#new as HTML
  [1m[36mUser Load (0.2ms)[0m  [1mSELECT "users".* FROM "users" WHERE "users"."id" = 1 LIMIT 1[0m
Redirected to http://localhost:3000/
Filter chain halted as :require_no_authentication rendered or redirected
Completed 302 Found in 425ms (ActiveRecord: 4.2ms)
Connecting to database specified by database.yml
Connecting to database specified by database.yml


Started GET "/users/sign_out" for 127.0.0.1 at 2012-12-18 11:17:54 +0100

ActionController::RoutingError (No route matches [GET] "/users/sign_out"):
  actionpack (3.2.9) lib/action_dispatch/middleware/debug_exceptions.rb:21:in `call'
  actionpack (3.2.9) lib/action_dispatch/middleware/show_exceptions.rb:56:in `call'
  railties (3.2.9) lib/rails/rack/logger.rb:32:in `call_app'
  railties (3.2.9) lib/rails/rack/logger.rb:16:in `block in call'
  activesupport (3.2.9) lib/active_support/tagged_logging.rb:22:in `tagged'
  railties (3.2.9) lib/rails/rack/logger.rb:16:in `call'
  actionpack (3.2.9) lib/action_dispatch/middleware/request_id.rb:22:in `call'
  rack (1.4.1) lib/rack/methodoverride.rb:21:in `call'
  rack (1.4.1) lib/rack/runtime.rb:17:in `call'
  activesupport (3.2.9) lib/active_support/cache/strategy/local_cache.rb:72:in `call'
  rack (1.4.1) lib/rack/lock.rb:15:in `call'
  actionpack (3.2.9) lib/action_dispatch/middleware/static.rb:62:in `call'
  railties (3.2.9) lib/rails/engine.rb:479:in `call'
  railties (3.2.9) lib/rails/application.rb:223:in `call'
  rack (1.4.1) lib/rack/content_length.rb:14:in `call'
  railties (3.2.9) lib/rails/rack/log_tailer.rb:17:in `call'
  rack (1.4.1) lib/rack/handler/webrick.rb:59:in `service'
  /Users/Jannik/.rvm/rubies/ruby-1.9.3-p327/lib/ruby/1.9.1/webrick/httpserver.rb:138:in `service'
  /Users/Jannik/.rvm/rubies/ruby-1.9.3-p327/lib/ruby/1.9.1/webrick/httpserver.rb:94:in `run'
  /Users/Jannik/.rvm/rubies/ruby-1.9.3-p327/lib/ruby/1.9.1/webrick/server.rb:191:in `block in start_thread'


  Rendered /Users/Jannik/.rvm/gems/ruby-1.9.3-p327@leeze/gems/actionpack-3.2.9/lib/action_dispatch/middleware/templates/rescues/routing_error.erb within rescues/layout (6.9ms)


Started GET "/users/sign_in" for 127.0.0.1 at 2012-12-18 11:18:47 +0100
Processing by Devise::SessionsController#new as HTML
  [1m[36mUser Load (0.2ms)[0m  [1mSELECT "users".* FROM "users" WHERE "users"."id" = 1 LIMIT 1[0m
Redirected to http://localhost:3000/
Filter chain halted as :require_no_authentication rendered or redirected
Completed 302 Found in 379ms (ActiveRecord: 3.4ms)


Started GET "/users/new" for 127.0.0.1 at 2012-12-18 11:19:00 +0100

ActionController::RoutingError (No route matches [GET] "/users/new"):
  actionpack (3.2.9) lib/action_dispatch/middleware/debug_exceptions.rb:21:in `call'
  actionpack (3.2.9) lib/action_dispatch/middleware/show_exceptions.rb:56:in `call'
  railties (3.2.9) lib/rails/rack/logger.rb:32:in `call_app'
  railties (3.2.9) lib/rails/rack/logger.rb:16:in `block in call'
  activesupport (3.2.9) lib/active_support/tagged_logging.rb:22:in `tagged'
  railties (3.2.9) lib/rails/rack/logger.rb:16:in `call'
  actionpack (3.2.9) lib/action_dispatch/middleware/request_id.rb:22:in `call'
  rack (1.4.1) lib/rack/methodoverride.rb:21:in `call'
  rack (1.4.1) lib/rack/runtime.rb:17:in `call'
  activesupport (3.2.9) lib/active_support/cache/strategy/local_cache.rb:72:in `call'
  rack (1.4.1) lib/rack/lock.rb:15:in `call'
  actionpack (3.2.9) lib/action_dispatch/middleware/static.rb:62:in `call'
  railties (3.2.9) lib/rails/engine.rb:479:in `call'
  railties (3.2.9) lib/rails/application.rb:223:in `call'
  rack (1.4.1) lib/rack/content_length.rb:14:in `call'
  railties (3.2.9) lib/rails/rack/log_tailer.rb:17:in `call'
  rack (1.4.1) lib/rack/handler/webrick.rb:59:in `service'
  /Users/Jannik/.rvm/rubies/ruby-1.9.3-p327/lib/ruby/1.9.1/webrick/httpserver.rb:138:in `service'
  /Users/Jannik/.rvm/rubies/ruby-1.9.3-p327/lib/ruby/1.9.1/webrick/httpserver.rb:94:in `run'
  /Users/Jannik/.rvm/rubies/ruby-1.9.3-p327/lib/ruby/1.9.1/webrick/server.rb:191:in `block in start_thread'


  Rendered /Users/Jannik/.rvm/gems/ruby-1.9.3-p327@leeze/gems/actionpack-3.2.9/lib/action_dispatch/middleware/templates/rescues/routing_error.erb within rescues/layout (0.7ms)


Started GET "/users/cancel" for 127.0.0.1 at 2012-12-18 11:19:10 +0100
Processing by Devise::RegistrationsController#cancel as HTML
  [1m[35mUser Load (0.2ms)[0m  SELECT "users".* FROM "users" WHERE "users"."id" = 1 LIMIT 1
Redirected to http://localhost:3000/
Filter chain halted as :require_no_authentication rendered or redirected
Completed 302 Found in 11ms (ActiveRecord: 0.2ms)


Started GET "/users/sign_out" for 127.0.0.1 at 2012-12-18 11:19:18 +0100

ActionController::RoutingError (No route matches [GET] "/users/sign_out"):
  actionpack (3.2.9) lib/action_dispatch/middleware/debug_exceptions.rb:21:in `call'
  actionpack (3.2.9) lib/action_dispatch/middleware/show_exceptions.rb:56:in `call'
  railties (3.2.9) lib/rails/rack/logger.rb:32:in `call_app'
  railties (3.2.9) lib/rails/rack/logger.rb:16:in `block in call'
  activesupport (3.2.9) lib/active_support/tagged_logging.rb:22:in `tagged'
  railties (3.2.9) lib/rails/rack/logger.rb:16:in `call'
  actionpack (3.2.9) lib/action_dispatch/middleware/request_id.rb:22:in `call'
  rack (1.4.1) lib/rack/methodoverride.rb:21:in `call'
  rack (1.4.1) lib/rack/runtime.rb:17:in `call'
  activesupport (3.2.9) lib/active_support/cache/strategy/local_cache.rb:72:in `call'
  rack (1.4.1) lib/rack/lock.rb:15:in `call'
  actionpack (3.2.9) lib/action_dispatch/middleware/static.rb:62:in `call'
  railties (3.2.9) lib/rails/engine.rb:479:in `call'
  railties (3.2.9) lib/rails/application.rb:223:in `call'
  rack (1.4.1) lib/rack/content_length.rb:14:in `call'
  railties (3.2.9) lib/rails/rack/log_tailer.rb:17:in `call'
  rack (1.4.1) lib/rack/handler/webrick.rb:59:in `service'
  /Users/Jannik/.rvm/rubies/ruby-1.9.3-p327/lib/ruby/1.9.1/webrick/httpserver.rb:138:in `service'
  /Users/Jannik/.rvm/rubies/ruby-1.9.3-p327/lib/ruby/1.9.1/webrick/httpserver.rb:94:in `run'
  /Users/Jannik/.rvm/rubies/ruby-1.9.3-p327/lib/ruby/1.9.1/webrick/server.rb:191:in `block in start_thread'


  Rendered /Users/Jannik/.rvm/gems/ruby-1.9.3-p327@leeze/gems/actionpack-3.2.9/lib/action_dispatch/middleware/templates/rescues/routing_error.erb within rescues/layout (0.9ms)


Started GET "/users/password/edit" for 127.0.0.1 at 2012-12-18 11:19:46 +0100
Processing by Devise::PasswordsController#edit as HTML
  [1m[36mUser Load (0.8ms)[0m  [1mSELECT "users".* FROM "users" WHERE "users"."id" = 1 LIMIT 1[0m
Redirected to http://localhost:3000/
Filter chain halted as :require_no_authentication rendered or redirected
Completed 302 Found in 18ms (ActiveRecord: 0.8ms)


Started GET "/users/password/new" for 127.0.0.1 at 2012-12-18 11:20:02 +0100
Processing by Devise::PasswordsController#new as HTML
  [1m[35mUser Load (0.3ms)[0m  SELECT "users".* FROM "users" WHERE "users"."id" = 1 LIMIT 1
Redirected to http://localhost:3000/
Filter chain halted as :require_no_authentication rendered or redirected
Completed 302 Found in 6ms (ActiveRecord: 0.3ms)


Started GET "/users/edit" for 127.0.0.1 at 2012-12-18 11:20:10 +0100
Processing by Devise::RegistrationsController#edit as HTML
  [1m[36mUser Load (0.4ms)[0m  [1mSELECT "users".* FROM "users" WHERE "users"."id" = 1 LIMIT 1[0m
  Rendered /Users/Jannik/.rvm/gems/ruby-1.9.3-p327@leeze/gems/devise-2.1.2/app/views/devise/registrations/edit.html.erb within layouts/application (6.5ms)
Completed 500 Internal Server Error in 177ms

ActionView::Template::Error (Missing partial shared/navigation with {:locale=>[:en], :formats=>[:html], :handlers=>[:erb, :builder, :coffee]}. Searched in:
  * "/Users/Jannik/we2/Finanzplan/app/views"
  * "/Users/Jannik/.rvm/gems/ruby-1.9.3-p327@leeze/gems/devise-2.1.2/app/views"
):
    2: <html>
    3: <head>
    4:   <title>Finanzplan</title>
    5:   <%= render 'shared/navigation' %>
    6:   <%= stylesheet_link_tag    "application", :media => "all" %>
    7:   <%= javascript_include_tag "application" %>
    8:   <%= csrf_meta_tags %>
  app/views/layouts/application.html.erb:5:in `_app_views_layouts_application_html_erb___4338320345894875787_70251319288300'


  Rendered /Users/Jannik/.rvm/gems/ruby-1.9.3-p327@leeze/gems/actionpack-3.2.9/lib/action_dispatch/middleware/templates/rescues/_trace.erb (1.6ms)
  Rendered /Users/Jannik/.rvm/gems/ruby-1.9.3-p327@leeze/gems/actionpack-3.2.9/lib/action_dispatch/middleware/templates/rescues/_request_and_response.erb (1.2ms)
  Rendered /Users/Jannik/.rvm/gems/ruby-1.9.3-p327@leeze/gems/actionpack-3.2.9/lib/action_dispatch/middleware/templates/rescues/template_error.erb within rescues/layout (13.6ms)
Connecting to database specified by database.yml


Started GET "/users/edit" for 127.0.0.1 at 2012-12-18 11:24:48 +0100
Processing by Devise::RegistrationsController#edit as HTML
  [1m[36mUser Load (0.2ms)[0m  [1mSELECT "users".* FROM "users" WHERE "users"."id" = 1 LIMIT 1[0m
  Rendered /Users/Jannik/.rvm/gems/ruby-1.9.3-p327@finanzplan/gems/devise-2.1.2/app/views/devise/registrations/edit.html.erb within layouts/application (352.3ms)
Completed 500 Internal Server Error in 617ms

ActionView::Template::Error (Missing partial shared/navigation with {:locale=>[:en], :formats=>[:html], :handlers=>[:erb, :builder, :coffee]}. Searched in:
  * "/Users/Jannik/we2/Finanzplan/app/views"
  * "/Users/Jannik/.rvm/gems/ruby-1.9.3-p327@finanzplan/gems/devise-2.1.2/app/views"
):
    2: <html>
    3: <head>
    4:   <title>Finanzplan</title>
    5:   <%= render 'shared/navigation' %>
    6:   <%= stylesheet_link_tag    "application", :media => "all" %>
    7:   <%= javascript_include_tag "application" %>
    8:   <%= csrf_meta_tags %>
  app/views/layouts/application.html.erb:5:in `_app_views_layouts_application_html_erb__2553439938760819043_70152218173200'


  Rendered /Users/Jannik/.rvm/gems/ruby-1.9.3-p327@finanzplan/gems/actionpack-3.2.9/lib/action_dispatch/middleware/templates/rescues/_trace.erb (1.6ms)
  Rendered /Users/Jannik/.rvm/gems/ruby-1.9.3-p327@finanzplan/gems/actionpack-3.2.9/lib/action_dispatch/middleware/templates/rescues/_request_and_response.erb (2.3ms)
  Rendered /Users/Jannik/.rvm/gems/ruby-1.9.3-p327@finanzplan/gems/actionpack-3.2.9/lib/action_dispatch/middleware/templates/rescues/template_error.erb within rescues/layout (16.6ms)


Started GET "/users/sign_in" for 127.0.0.1 at 2012-12-18 11:25:36 +0100
Processing by Devise::SessionsController#new as HTML
  [1m[35mUser Load (0.2ms)[0m  SELECT "users".* FROM "users" WHERE "users"."id" = 1 LIMIT 1
Redirected to http://localhost:3000/
Filter chain halted as :require_no_authentication rendered or redirected
Completed 302 Found in 3ms (ActiveRecord: 0.2ms)


Started GET "/users/sign_out" for 127.0.0.1 at 2012-12-18 11:25:43 +0100

ActionController::RoutingError (No route matches [GET] "/users/sign_out"):
  actionpack (3.2.9) lib/action_dispatch/middleware/debug_exceptions.rb:21:in `call'
  actionpack (3.2.9) lib/action_dispatch/middleware/show_exceptions.rb:56:in `call'
  railties (3.2.9) lib/rails/rack/logger.rb:32:in `call_app'
  railties (3.2.9) lib/rails/rack/logger.rb:16:in `block in call'
  activesupport (3.2.9) lib/active_support/tagged_logging.rb:22:in `tagged'
  railties (3.2.9) lib/rails/rack/logger.rb:16:in `call'
  actionpack (3.2.9) lib/action_dispatch/middleware/request_id.rb:22:in `call'
  rack (1.4.1) lib/rack/methodoverride.rb:21:in `call'
  rack (1.4.1) lib/rack/runtime.rb:17:in `call'
  activesupport (3.2.9) lib/active_support/cache/strategy/local_cache.rb:72:in `call'
  rack (1.4.1) lib/rack/lock.rb:15:in `call'
  actionpack (3.2.9) lib/action_dispatch/middleware/static.rb:62:in `call'
  railties (3.2.9) lib/rails/engine.rb:479:in `call'
  railties (3.2.9) lib/rails/application.rb:223:in `call'
  rack (1.4.1) lib/rack/content_length.rb:14:in `call'
  railties (3.2.9) lib/rails/rack/log_tailer.rb:17:in `call'
  rack (1.4.1) lib/rack/handler/webrick.rb:59:in `service'
  /Users/Jannik/.rvm/rubies/ruby-1.9.3-p327/lib/ruby/1.9.1/webrick/httpserver.rb:138:in `service'
  /Users/Jannik/.rvm/rubies/ruby-1.9.3-p327/lib/ruby/1.9.1/webrick/httpserver.rb:94:in `run'
  /Users/Jannik/.rvm/rubies/ruby-1.9.3-p327/lib/ruby/1.9.1/webrick/server.rb:191:in `block in start_thread'


  Rendered /Users/Jannik/.rvm/gems/ruby-1.9.3-p327@finanzplan/gems/actionpack-3.2.9/lib/action_dispatch/middleware/templates/rescues/routing_error.erb within rescues/layout (0.7ms)
Connecting to database specified by database.yml


Started GET "/assets/rails.png" for 127.0.0.1 at 2013-01-10 12:37:23 +0100
Served asset /rails.png - 200 OK (44ms)


Started GET "/users" for 127.0.0.1 at 2013-01-10 12:37:26 +0100

ActionController::RoutingError (No route matches [GET] "/users"):
  actionpack (3.2.9) lib/action_dispatch/middleware/debug_exceptions.rb:21:in `call'
  actionpack (3.2.9) lib/action_dispatch/middleware/show_exceptions.rb:56:in `call'
  railties (3.2.9) lib/rails/rack/logger.rb:32:in `call_app'
  railties (3.2.9) lib/rails/rack/logger.rb:16:in `block in call'
  activesupport (3.2.9) lib/active_support/tagged_logging.rb:22:in `tagged'
  railties (3.2.9) lib/rails/rack/logger.rb:16:in `call'
  actionpack (3.2.9) lib/action_dispatch/middleware/request_id.rb:22:in `call'
  rack (1.4.1) lib/rack/methodoverride.rb:21:in `call'
  rack (1.4.1) lib/rack/runtime.rb:17:in `call'
  activesupport (3.2.9) lib/active_support/cache/strategy/local_cache.rb:72:in `call'
  rack (1.4.1) lib/rack/lock.rb:15:in `call'
  actionpack (3.2.9) lib/action_dispatch/middleware/static.rb:62:in `call'
  railties (3.2.9) lib/rails/engine.rb:479:in `call'
  railties (3.2.9) lib/rails/application.rb:223:in `call'
  rack (1.4.1) lib/rack/content_length.rb:14:in `call'
  railties (3.2.9) lib/rails/rack/log_tailer.rb:17:in `call'
  rack (1.4.1) lib/rack/handler/webrick.rb:59:in `service'
  /Users/Jannik/.rvm/rubies/ruby-1.9.3-p327/lib/ruby/1.9.1/webrick/httpserver.rb:138:in `service'
  /Users/Jannik/.rvm/rubies/ruby-1.9.3-p327/lib/ruby/1.9.1/webrick/httpserver.rb:94:in `run'
  /Users/Jannik/.rvm/rubies/ruby-1.9.3-p327/lib/ruby/1.9.1/webrick/server.rb:191:in `block in start_thread'


  Rendered /Users/Jannik/.rvm/gems/ruby-1.9.3-p327/gems/actionpack-3.2.9/lib/action_dispatch/middleware/templates/rescues/routing_error.erb within rescues/layout (6.4ms)
Connecting to database specified by database.yml


Started GET "/users/sign_up" for 127.0.0.1 at 2013-01-11 12:59:26 +0100
Processing by Devise::RegistrationsController#new as HTML
  Rendered /Users/Jannik/.rvm/gems/ruby-1.9.3-p327/gems/devise-2.1.2/app/views/devise/shared/_links.erb (5.1ms)
  Rendered /Users/Jannik/.rvm/gems/ruby-1.9.3-p327/gems/devise-2.1.2/app/views/devise/registrations/new.html.erb within layouts/application (877.3ms)
Completed 500 Internal Server Error in 1292ms

ActionView::Template::Error (Missing partial shared/navigation with {:locale=>[:en], :formats=>[:html], :handlers=>[:erb, :builder, :coffee]}. Searched in:
  * "/Users/Jannik/we2/finanzplan/app/views"
  * "/Users/Jannik/.rvm/gems/ruby-1.9.3-p327/gems/devise-2.1.2/app/views"
):
    2: <html>
    3: <head>
    4:   <title>Finanzplan</title>
    5:   <%= render 'shared/navigation' %>
    6:   <%= stylesheet_link_tag    "application", :media => "all" %>
    7:   <%= javascript_include_tag "application" %>
    8:   <%= csrf_meta_tags %>
  app/views/layouts/application.html.erb:5:in `_app_views_layouts_application_html_erb__593185474449765993_70264069809220'


  Rendered /Users/Jannik/.rvm/gems/ruby-1.9.3-p327/gems/actionpack-3.2.9/lib/action_dispatch/middleware/templates/rescues/_trace.erb (2.0ms)
  Rendered /Users/Jannik/.rvm/gems/ruby-1.9.3-p327/gems/actionpack-3.2.9/lib/action_dispatch/middleware/templates/rescues/_request_and_response.erb (1.7ms)
  Rendered /Users/Jannik/.rvm/gems/ruby-1.9.3-p327/gems/actionpack-3.2.9/lib/action_dispatch/middleware/templates/rescues/template_error.erb within rescues/layout (14.4ms)


Started GET "/users/sign_up" for 127.0.0.1 at 2013-01-11 13:00:44 +0100
Processing by Devise::RegistrationsController#new as HTML
  Rendered /Users/Jannik/.rvm/gems/ruby-1.9.3-p327/gems/devise-2.1.2/app/views/devise/shared/_links.erb (0.6ms)
  Rendered /Users/Jannik/.rvm/gems/ruby-1.9.3-p327/gems/devise-2.1.2/app/views/devise/registrations/new.html.erb within layouts/application (5.5ms)
Completed 500 Internal Server Error in 13ms

ActionView::Template::Error (Missing partial shared/navigation with {:locale=>[:en], :formats=>[:html], :handlers=>[:erb, :builder, :coffee]}. Searched in:
  * "/Users/Jannik/we2/finanzplan/app/views"
  * "/Users/Jannik/.rvm/gems/ruby-1.9.3-p327/gems/devise-2.1.2/app/views"
):
    2: <html>
    3: <head>
    4:   <title>Finanzplan</title>
    5:   <%= render 'shared/navigation' %>
    6:   <%= stylesheet_link_tag    "application", :media => "all" %>
    7:   <%= javascript_include_tag "application" %>
    8:   <%= csrf_meta_tags %>
  app/views/layouts/application.html.erb:5:in `_app_views_layouts_application_html_erb__593185474449765993_70264080908180'


  Rendered /Users/Jannik/.rvm/gems/ruby-1.9.3-p327/gems/actionpack-3.2.9/lib/action_dispatch/middleware/templates/rescues/_trace.erb (2.1ms)
  Rendered /Users/Jannik/.rvm/gems/ruby-1.9.3-p327/gems/actionpack-3.2.9/lib/action_dispatch/middleware/templates/rescues/_request_and_response.erb (5.2ms)
  Rendered /Users/Jannik/.rvm/gems/ruby-1.9.3-p327/gems/actionpack-3.2.9/lib/action_dispatch/middleware/templates/rescues/template_error.erb within rescues/layout (14.7ms)


Started GET "/users/sign_up" for 127.0.0.1 at 2013-01-11 13:02:58 +0100
Processing by Devise::RegistrationsController#new as HTML
  Rendered /Users/Jannik/.rvm/gems/ruby-1.9.3-p327/gems/devise-2.1.2/app/views/devise/shared/_links.erb (0.5ms)
  Rendered /Users/Jannik/.rvm/gems/ruby-1.9.3-p327/gems/devise-2.1.2/app/views/devise/registrations/new.html.erb within layouts/application (3.9ms)
Completed 500 Internal Server Error in 9ms

ActionView::Template::Error (':something' is not an ActiveModel-compatible object that returns a valid partial path.):
    2: <html>
    3: <head>
    4:   <title>Finanzplan</title>
    5:   <%= render :something %>
    6:   <%= stylesheet_link_tag    "application", :media => "all" %>
    7:   <%= javascript_include_tag "application" %>
    8:   <%= csrf_meta_tags %>
  app/views/layouts/application.html.erb:5:in `_app_views_layouts_application_html_erb__593185474449765993_70264096512840'


  Rendered /Users/Jannik/.rvm/gems/ruby-1.9.3-p327/gems/actionpack-3.2.9/lib/action_dispatch/middleware/templates/rescues/_trace.erb (1.9ms)
  Rendered /Users/Jannik/.rvm/gems/ruby-1.9.3-p327/gems/actionpack-3.2.9/lib/action_dispatch/middleware/templates/rescues/_request_and_response.erb (1.1ms)
  Rendered /Users/Jannik/.rvm/gems/ruby-1.9.3-p327/gems/actionpack-3.2.9/lib/action_dispatch/middleware/templates/rescues/template_error.erb within rescues/layout (17.1ms)
Connecting to database specified by database.yml


Started GET "/users/sign_up" for 127.0.0.1 at 2013-01-11 13:17:14 +0100
Processing by Devise::RegistrationsController#new as HTML
  Rendered /Users/Jannik/.rvm/gems/ruby-1.9.3-p327/gems/devise-2.1.2/app/views/devise/shared/_links.erb (2.3ms)
  Rendered /Users/Jannik/.rvm/gems/ruby-1.9.3-p327/gems/devise-2.1.2/app/views/devise/registrations/new.html.erb within layouts/application (446.4ms)
Completed 500 Internal Server Error in 701ms

ActionView::Template::Error (Missing partial shared/navigation with {:locale=>[:en], :formats=>[:html], :handlers=>[:erb, :builder, :coffee]}. Searched in:
  * "/Users/Jannik/we2/finanzplan/app/views"
  * "/Users/Jannik/.rvm/gems/ruby-1.9.3-p327/gems/devise-2.1.2/app/views"
):
    2: <html>
    3: <head>
    4:   <title>Finanzplan</title>
    5:   <%= render 'shared/navigation' %>
    6:   <%= stylesheet_link_tag    "application", :media => "all" %>
    7:   <%= javascript_include_tag "application" %>
    8:   <%= csrf_meta_tags %>
  app/views/layouts/application.html.erb:5:in `_app_views_layouts_application_html_erb___4015907528170489947_70339091053820'


  Rendered /Users/Jannik/.rvm/gems/ruby-1.9.3-p327/gems/actionpack-3.2.9/lib/action_dispatch/middleware/templates/rescues/_trace.erb (1.5ms)
  Rendered /Users/Jannik/.rvm/gems/ruby-1.9.3-p327/gems/actionpack-3.2.9/lib/action_dispatch/middleware/templates/rescues/_request_and_response.erb (1.1ms)
  Rendered /Users/Jannik/.rvm/gems/ruby-1.9.3-p327/gems/actionpack-3.2.9/lib/action_dispatch/middleware/templates/rescues/template_error.erb within rescues/layout (12.1ms)


Started GET "/users/sign_up" for 127.0.0.1 at 2013-01-11 13:23:26 +0100
Processing by Devise::RegistrationsController#new as HTML
  Rendered /Users/Jannik/.rvm/gems/ruby-1.9.3-p327/gems/devise-2.1.2/app/views/devise/shared/_links.erb (0.5ms)
  Rendered /Users/Jannik/.rvm/gems/ruby-1.9.3-p327/gems/devise-2.1.2/app/views/devise/registrations/new.html.erb within layouts/application (3.8ms)
ERROR: compiling _app_views_layouts_application_html_erb___4015907528170489947_70339107499680 RAISED /Users/Jannik/we2/finanzplan/app/views/layouts/application.html.erb:5: syntax error, unexpected '{', expecting ')'
... ( render 'shared/navigation' {:locale=>[:en], :formats=>[:h...
...                               ^
/Users/Jannik/we2/finanzplan/app/views/layouts/application.html.erb:5: syntax error, unexpected ',', expecting ')'
...ed/navigation' {:locale=>[:en], :formats=>[:html], :handlers...
...                               ^
/Users/Jannik/we2/finanzplan/app/views/layouts/application.html.erb:5: syntax error, unexpected ',', expecting ')'
...cale=>[:en], :formats=>[:html], :handlers=>[:erb, :builder, ...
...                               ^
/Users/Jannik/we2/finanzplan/app/views/layouts/application.html.erb:5: syntax error, unexpected '}', expecting ')'
...ers=>[:erb, :builder, :coffee]} );@output_buffer.safe_concat...
...                               ^
/Users/Jannik/we2/finanzplan/app/views/layouts/application.html.erb:19: syntax error, unexpected keyword_ensure, expecting ')'
/Users/Jannik/we2/finanzplan/app/views/layouts/application.html.erb:21: syntax error, unexpected keyword_end, expecting ')'
Function body:           def _app_views_layouts_application_html_erb___4015907528170489947_70339107499680(local_assigns, output_buffer)
            _old_virtual_path, @virtual_path = @virtual_path, "layouts/application";_old_output_buffer = @output_buffer;;@output_buffer = output_buffer || ActionView::OutputBuffer.new;@output_buffer.safe_concat('<!DOCTYPE html>
<html>
<head>
  <title>Finanzplan</title>
  ');@output_buffer.append= ( render 'shared/navigation' {:locale=>[:en], :formats=>[:html], :handlers=>[:erb, :builder, :coffee]} );@output_buffer.safe_concat('
');@output_buffer.safe_concat('  ');@output_buffer.append= ( stylesheet_link_tag    "application", :media => "all" );@output_buffer.safe_concat('
');@output_buffer.safe_concat('  ');@output_buffer.append= ( javascript_include_tag "application" );@output_buffer.safe_concat('
');@output_buffer.safe_concat('  ');@output_buffer.append= ( csrf_meta_tags );@output_buffer.safe_concat('
');@output_buffer.safe_concat('  <p class="notice">');@output_buffer.append= ( notice );@output_buffer.safe_concat('</p>
       <p class="alert">');@output_buffer.append= ( alert );@output_buffer.safe_concat('</p>
</head>
<body>

');@output_buffer.append= ( yield );@output_buffer.safe_concat('
');@output_buffer.safe_concat('
</body>
</html>
');@output_buffer.to_s
          ensure
            @virtual_path, @output_buffer = _old_virtual_path, _old_output_buffer
          end

Backtrace: /Users/Jannik/.rvm/gems/ruby-1.9.3-p327/gems/actionpack-3.2.9/lib/action_view/template.rb:297:in `module_eval'
/Users/Jannik/.rvm/gems/ruby-1.9.3-p327/gems/actionpack-3.2.9/lib/action_view/template.rb:297:in `compile'
/Users/Jannik/.rvm/gems/ruby-1.9.3-p327/gems/actionpack-3.2.9/lib/action_view/template.rb:244:in `block in compile!'
<internal:prelude>:10:in `synchronize'
/Users/Jannik/.rvm/gems/ruby-1.9.3-p327/gems/actionpack-3.2.9/lib/action_view/template.rb:232:in `compile!'
/Users/Jannik/.rvm/gems/ruby-1.9.3-p327/gems/actionpack-3.2.9/lib/action_view/template.rb:144:in `block in render'
/Users/Jannik/.rvm/gems/ruby-1.9.3-p327/gems/activesupport-3.2.9/lib/active_support/notifications.rb:125:in `instrument'
/Users/Jannik/.rvm/gems/ruby-1.9.3-p327/gems/actionpack-3.2.9/lib/action_view/template.rb:143:in `render'
/Users/Jannik/.rvm/gems/ruby-1.9.3-p327/gems/actionpack-3.2.9/lib/action_view/renderer/template_renderer.rb:59:in `render_with_layout'
/Users/Jannik/.rvm/gems/ruby-1.9.3-p327/gems/actionpack-3.2.9/lib/action_view/renderer/template_renderer.rb:45:in `render_template'
/Users/Jannik/.rvm/gems/ruby-1.9.3-p327/gems/actionpack-3.2.9/lib/action_view/renderer/template_renderer.rb:18:in `render'
/Users/Jannik/.rvm/gems/ruby-1.9.3-p327/gems/actionpack-3.2.9/lib/action_view/renderer/renderer.rb:36:in `render_template'
/Users/Jannik/.rvm/gems/ruby-1.9.3-p327/gems/actionpack-3.2.9/lib/action_view/renderer/renderer.rb:17:in `render'
/Users/Jannik/.rvm/gems/ruby-1.9.3-p327/gems/actionpack-3.2.9/lib/abstract_controller/rendering.rb:110:in `_render_template'
/Users/Jannik/.rvm/gems/ruby-1.9.3-p327/gems/actionpack-3.2.9/lib/action_controller/metal/streaming.rb:225:in `_render_template'
/Users/Jannik/.rvm/gems/ruby-1.9.3-p327/gems/actionpack-3.2.9/lib/abstract_controller/rendering.rb:103:in `render_to_body'
/Users/Jannik/.rvm/gems/ruby-1.9.3-p327/gems/actionpack-3.2.9/lib/action_controller/metal/renderers.rb:28:in `render_to_body'
/Users/Jannik/.rvm/gems/ruby-1.9.3-p327/gems/actionpack-3.2.9/lib/action_controller/metal/compatibility.rb:50:in `render_to_body'
/Users/Jannik/.rvm/gems/ruby-1.9.3-p327/gems/actionpack-3.2.9/lib/abstract_controller/rendering.rb:88:in `render'
/Users/Jannik/.rvm/gems/ruby-1.9.3-p327/gems/actionpack-3.2.9/lib/action_controller/metal/rendering.rb:16:in `render'
/Users/Jannik/.rvm/gems/ruby-1.9.3-p327/gems/actionpack-3.2.9/lib/action_controller/metal/instrumentation.rb:40:in `block (2 levels) in render'
/Users/Jannik/.rvm/gems/ruby-1.9.3-p327/gems/activesupport-3.2.9/lib/active_support/core_ext/benchmark.rb:5:in `block in ms'
/Users/Jannik/.rvm/rubies/ruby-1.9.3-p327/lib/ruby/1.9.1/benchmark.rb:295:in `realtime'
/Users/Jannik/.rvm/gems/ruby-1.9.3-p327/gems/activesupport-3.2.9/lib/active_support/core_ext/benchmark.rb:5:in `ms'
/Users/Jannik/.rvm/gems/ruby-1.9.3-p327/gems/actionpack-3.2.9/lib/action_controller/metal/instrumentation.rb:40:in `block in render'
/Users/Jannik/.rvm/gems/ruby-1.9.3-p327/gems/actionpack-3.2.9/lib/action_controller/metal/instrumentation.rb:83:in `cleanup_view_runtime'
/Users/Jannik/.rvm/gems/ruby-1.9.3-p327/gems/activerecord-3.2.9/lib/active_record/railties/controller_runtime.rb:24:in `cleanup_view_runtime'
/Users/Jannik/.rvm/gems/ruby-1.9.3-p327/gems/actionpack-3.2.9/lib/action_controller/metal/instrumentation.rb:39:in `render'
/Users/Jannik/.rvm/gems/ruby-1.9.3-p327/gems/actionpack-3.2.9/lib/action_controller/metal/implicit_render.rb:10:in `default_render'
/Users/Jannik/.rvm/gems/ruby-1.9.3-p327/gems/actionpack-3.2.9/lib/action_controller/metal/responder.rb:232:in `default_render'
/Users/Jannik/.rvm/gems/ruby-1.9.3-p327/gems/actionpack-3.2.9/lib/action_controller/metal/responder.rb:160:in `to_html'
/Users/Jannik/.rvm/gems/ruby-1.9.3-p327/gems/actionpack-3.2.9/lib/action_controller/metal/responder.rb:153:in `respond'
/Users/Jannik/.rvm/gems/ruby-1.9.3-p327/gems/actionpack-3.2.9/lib/action_controller/metal/responder.rb:146:in `call'
/Users/Jannik/.rvm/gems/ruby-1.9.3-p327/gems/actionpack-3.2.9/lib/action_controller/metal/mime_responds.rb:239:in `respond_with'
/Users/Jannik/.rvm/gems/ruby-1.9.3-p327/gems/devise-2.1.2/app/controllers/devise/registrations_controller.rb:8:in `new'
/Users/Jannik/.rvm/gems/ruby-1.9.3-p327/gems/actionpack-3.2.9/lib/action_controller/metal/implicit_render.rb:4:in `send_action'
/Users/Jannik/.rvm/gems/ruby-1.9.3-p327/gems/actionpack-3.2.9/lib/abstract_controller/base.rb:167:in `process_action'
/Users/Jannik/.rvm/gems/ruby-1.9.3-p327/gems/actionpack-3.2.9/lib/action_controller/metal/rendering.rb:10:in `process_action'
/Users/Jannik/.rvm/gems/ruby-1.9.3-p327/gems/actionpack-3.2.9/lib/abstract_controller/callbacks.rb:18:in `block in process_action'
/Users/Jannik/.rvm/gems/ruby-1.9.3-p327/gems/activesupport-3.2.9/lib/active_support/callbacks.rb:436:in `_run__3985080096292155720__process_action__749611575301297112__callbacks'
/Users/Jannik/.rvm/gems/ruby-1.9.3-p327/gems/activesupport-3.2.9/lib/active_support/callbacks.rb:405:in `__run_callback'
/Users/Jannik/.rvm/gems/ruby-1.9.3-p327/gems/activesupport-3.2.9/lib/active_support/callbacks.rb:385:in `_run_process_action_callbacks'
/Users/Jannik/.rvm/gems/ruby-1.9.3-p327/gems/activesupport-3.2.9/lib/active_support/callbacks.rb:81:in `run_callbacks'
/Users/Jannik/.rvm/gems/ruby-1.9.3-p327/gems/actionpack-3.2.9/lib/abstract_controller/callbacks.rb:17:in `process_action'
/Users/Jannik/.rvm/gems/ruby-1.9.3-p327/gems/actionpack-3.2.9/lib/action_controller/metal/rescue.rb:29:in `process_action'
/Users/Jannik/.rvm/gems/ruby-1.9.3-p327/gems/actionpack-3.2.9/lib/action_controller/metal/instrumentation.rb:30:in `block in process_action'
/Users/Jannik/.rvm/gems/ruby-1.9.3-p327/gems/activesupport-3.2.9/lib/active_support/notifications.rb:123:in `block in instrument'
/Users/Jannik/.rvm/gems/ruby-1.9.3-p327/gems/activesupport-3.2.9/lib/active_support/notifications/instrumenter.rb:20:in `instrument'
/Users/Jannik/.rvm/gems/ruby-1.9.3-p327/gems/activesupport-3.2.9/lib/active_support/notifications.rb:123:in `instrument'
/Users/Jannik/.rvm/gems/ruby-1.9.3-p327/gems/actionpack-3.2.9/lib/action_controller/metal/instrumentation.rb:29:in `process_action'
/Users/Jannik/.rvm/gems/ruby-1.9.3-p327/gems/actionpack-3.2.9/lib/action_controller/metal/params_wrapper.rb:207:in `process_action'
/Users/Jannik/.rvm/gems/ruby-1.9.3-p327/gems/activerecord-3.2.9/lib/active_record/railties/controller_runtime.rb:18:in `process_action'
/Users/Jannik/.rvm/gems/ruby-1.9.3-p327/gems/actionpack-3.2.9/lib/abstract_controller/base.rb:121:in `process'
/Users/Jannik/.rvm/gems/ruby-1.9.3-p327/gems/actionpack-3.2.9/lib/abstract_controller/rendering.rb:45:in `process'
/Users/Jannik/.rvm/gems/ruby-1.9.3-p327/gems/actionpack-3.2.9/lib/action_controller/metal.rb:203:in `dispatch'
/Users/Jannik/.rvm/gems/ruby-1.9.3-p327/gems/actionpack-3.2.9/lib/action_controller/metal/rack_delegation.rb:14:in `dispatch'
/Users/Jannik/.rvm/gems/ruby-1.9.3-p327/gems/actionpack-3.2.9/lib/action_controller/metal.rb:246:in `block in action'
/Users/Jannik/.rvm/gems/ruby-1.9.3-p327/gems/actionpack-3.2.9/lib/action_dispatch/routing/route_set.rb:73:in `call'
/Users/Jannik/.rvm/gems/ruby-1.9.3-p327/gems/actionpack-3.2.9/lib/action_dispatch/routing/route_set.rb:73:in `dispatch'
/Users/Jannik/.rvm/gems/ruby-1.9.3-p327/gems/actionpack-3.2.9/lib/action_dispatch/routing/route_set.rb:36:in `call'
/Users/Jannik/.rvm/gems/ruby-1.9.3-p327/gems/actionpack-3.2.9/lib/action_dispatch/routing/mapper.rb:42:in `call'
/Users/Jannik/.rvm/gems/ruby-1.9.3-p327/gems/journey-1.0.4/lib/journey/router.rb:68:in `block in call'
/Users/Jannik/.rvm/gems/ruby-1.9.3-p327/gems/journey-1.0.4/lib/journey/router.rb:56:in `each'
/Users/Jannik/.rvm/gems/ruby-1.9.3-p327/gems/journey-1.0.4/lib/journey/router.rb:56:in `call'
/Users/Jannik/.rvm/gems/ruby-1.9.3-p327/gems/actionpack-3.2.9/lib/action_dispatch/routing/route_set.rb:601:in `call'
/Users/Jannik/.rvm/gems/ruby-1.9.3-p327/gems/warden-1.2.1/lib/warden/manager.rb:35:in `block in call'
/Users/Jannik/.rvm/gems/ruby-1.9.3-p327/gems/warden-1.2.1/lib/warden/manager.rb:34:in `catch'
/Users/Jannik/.rvm/gems/ruby-1.9.3-p327/gems/warden-1.2.1/lib/warden/manager.rb:34:in `call'
/Users/Jannik/.rvm/gems/ruby-1.9.3-p327/gems/actionpack-3.2.9/lib/action_dispatch/middleware/best_standards_support.rb:17:in `call'
/Users/Jannik/.rvm/gems/ruby-1.9.3-p327/gems/rack-1.4.1/lib/rack/etag.rb:23:in `call'
/Users/Jannik/.rvm/gems/ruby-1.9.3-p327/gems/rack-1.4.1/lib/rack/conditionalget.rb:25:in `call'
/Users/Jannik/.rvm/gems/ruby-1.9.3-p327/gems/actionpack-3.2.9/lib/action_dispatch/middleware/head.rb:14:in `call'
/Users/Jannik/.rvm/gems/ruby-1.9.3-p327/gems/actionpack-3.2.9/lib/action_dispatch/middleware/params_parser.rb:21:in `call'
/Users/Jannik/.rvm/gems/ruby-1.9.3-p327/gems/actionpack-3.2.9/lib/action_dispatch/middleware/flash.rb:242:in `call'
/Users/Jannik/.rvm/gems/ruby-1.9.3-p327/gems/rack-1.4.1/lib/rack/session/abstract/id.rb:205:in `context'
/Users/Jannik/.rvm/gems/ruby-1.9.3-p327/gems/rack-1.4.1/lib/rack/session/abstract/id.rb:200:in `call'
/Users/Jannik/.rvm/gems/ruby-1.9.3-p327/gems/actionpack-3.2.9/lib/action_dispatch/middleware/cookies.rb:341:in `call'
/Users/Jannik/.rvm/gems/ruby-1.9.3-p327/gems/activerecord-3.2.9/lib/active_record/query_cache.rb:64:in `call'
/Users/Jannik/.rvm/gems/ruby-1.9.3-p327/gems/activerecord-3.2.9/lib/active_record/connection_adapters/abstract/connection_pool.rb:479:in `call'
/Users/Jannik/.rvm/gems/ruby-1.9.3-p327/gems/actionpack-3.2.9/lib/action_dispatch/middleware/callbacks.rb:28:in `block in call'
/Users/Jannik/.rvm/gems/ruby-1.9.3-p327/gems/activesupport-3.2.9/lib/active_support/callbacks.rb:405:in `_run__4478992500604929926__call__50851488415780352__callbacks'
/Users/Jannik/.rvm/gems/ruby-1.9.3-p327/gems/activesupport-3.2.9/lib/active_support/callbacks.rb:405:in `__run_callback'
/Users/Jannik/.rvm/gems/ruby-1.9.3-p327/gems/activesupport-3.2.9/lib/active_support/callbacks.rb:385:in `_run_call_callbacks'
/Users/Jannik/.rvm/gems/ruby-1.9.3-p327/gems/activesupport-3.2.9/lib/active_support/callbacks.rb:81:in `run_callbacks'
/Users/Jannik/.rvm/gems/ruby-1.9.3-p327/gems/actionpack-3.2.9/lib/action_dispatch/middleware/callbacks.rb:27:in `call'
/Users/Jannik/.rvm/gems/ruby-1.9.3-p327/gems/actionpack-3.2.9/lib/action_dispatch/middleware/reloader.rb:65:in `call'
/Users/Jannik/.rvm/gems/ruby-1.9.3-p327/gems/actionpack-3.2.9/lib/action_dispatch/middleware/remote_ip.rb:31:in `call'
/Users/Jannik/.rvm/gems/ruby-1.9.3-p327/gems/actionpack-3.2.9/lib/action_dispatch/middleware/debug_exceptions.rb:16:in `call'
/Users/Jannik/.rvm/gems/ruby-1.9.3-p327/gems/actionpack-3.2.9/lib/action_dispatch/middleware/show_exceptions.rb:56:in `call'
/Users/Jannik/.rvm/gems/ruby-1.9.3-p327/gems/railties-3.2.9/lib/rails/rack/logger.rb:32:in `call_app'
/Users/Jannik/.rvm/gems/ruby-1.9.3-p327/gems/railties-3.2.9/lib/rails/rack/logger.rb:16:in `block in call'
/Users/Jannik/.rvm/gems/ruby-1.9.3-p327/gems/activesupport-3.2.9/lib/active_support/tagged_logging.rb:22:in `tagged'
/Users/Jannik/.rvm/gems/ruby-1.9.3-p327/gems/railties-3.2.9/lib/rails/rack/logger.rb:16:in `call'
/Users/Jannik/.rvm/gems/ruby-1.9.3-p327/gems/actionpack-3.2.9/lib/action_dispatch/middleware/request_id.rb:22:in `call'
/Users/Jannik/.rvm/gems/ruby-1.9.3-p327/gems/rack-1.4.1/lib/rack/methodoverride.rb:21:in `call'
/Users/Jannik/.rvm/gems/ruby-1.9.3-p327/gems/rack-1.4.1/lib/rack/runtime.rb:17:in `call'
/Users/Jannik/.rvm/gems/ruby-1.9.3-p327/gems/activesupport-3.2.9/lib/active_support/cache/strategy/local_cache.rb:72:in `call'
/Users/Jannik/.rvm/gems/ruby-1.9.3-p327/gems/rack-1.4.1/lib/rack/lock.rb:15:in `call'
/Users/Jannik/.rvm/gems/ruby-1.9.3-p327/gems/actionpack-3.2.9/lib/action_dispatch/middleware/static.rb:62:in `call'
/Users/Jannik/.rvm/gems/ruby-1.9.3-p327/gems/railties-3.2.9/lib/rails/engine.rb:479:in `call'
/Users/Jannik/.rvm/gems/ruby-1.9.3-p327/gems/railties-3.2.9/lib/rails/application.rb:223:in `call'
/Users/Jannik/.rvm/gems/ruby-1.9.3-p327/gems/rack-1.4.1/lib/rack/content_length.rb:14:in `call'
/Users/Jannik/.rvm/gems/ruby-1.9.3-p327/gems/railties-3.2.9/lib/rails/rack/log_tailer.rb:17:in `call'
/Users/Jannik/.rvm/gems/ruby-1.9.3-p327/gems/rack-1.4.1/lib/rack/handler/webrick.rb:59:in `service'
/Users/Jannik/.rvm/rubies/ruby-1.9.3-p327/lib/ruby/1.9.1/webrick/httpserver.rb:138:in `service'
/Users/Jannik/.rvm/rubies/ruby-1.9.3-p327/lib/ruby/1.9.1/webrick/httpserver.rb:94:in `run'
/Users/Jannik/.rvm/rubies/ruby-1.9.3-p327/lib/ruby/1.9.1/webrick/server.rb:191:in `block in start_thread'
Completed 500 Internal Server Error in 9ms

ActionView::Template::Error (/Users/Jannik/we2/finanzplan/app/views/layouts/application.html.erb:5: syntax error, unexpected '{', expecting ')'
... ( render 'shared/navigation' {:locale=>[:en], :formats=>[:h...
...                               ^
/Users/Jannik/we2/finanzplan/app/views/layouts/application.html.erb:5: syntax error, unexpected ',', expecting ')'
...ed/navigation' {:locale=>[:en], :formats=>[:html], :handlers...
...                               ^
/Users/Jannik/we2/finanzplan/app/views/layouts/application.html.erb:5: syntax error, unexpected ',', expecting ')'
...cale=>[:en], :formats=>[:html], :handlers=>[:erb, :builder, ...
...                               ^
/Users/Jannik/we2/finanzplan/app/views/layouts/application.html.erb:5: syntax error, unexpected '}', expecting ')'
...ers=>[:erb, :builder, :coffee]} );@output_buffer.safe_concat...
...                               ^
/Users/Jannik/we2/finanzplan/app/views/layouts/application.html.erb:19: syntax error, unexpected keyword_ensure, expecting ')'
/Users/Jannik/we2/finanzplan/app/views/layouts/application.html.erb:21: syntax error, unexpected keyword_end, expecting ')'):
    2: <html>
    3: <head>
    4:   <title>Finanzplan</title>
    5:   <%= render 'shared/navigation' {:locale=>[:en], :formats=>[:html], :handlers=>[:erb, :builder, :coffee]} %>
    6:   <%= stylesheet_link_tag    "application", :media => "all" %>
    7:   <%= javascript_include_tag "application" %>
    8:   <%= csrf_meta_tags %>
  actionpack (3.2.9) lib/action_view/template.rb:297:in `module_eval'
  actionpack (3.2.9) lib/action_view/template.rb:297:in `compile'
  actionpack (3.2.9) lib/action_view/template.rb:244:in `block in compile!'
  <internal:prelude>:10:in `synchronize'
  actionpack (3.2.9) lib/action_view/template.rb:232:in `compile!'
  actionpack (3.2.9) lib/action_view/template.rb:144:in `block in render'
  activesupport (3.2.9) lib/active_support/notifications.rb:125:in `instrument'
  actionpack (3.2.9) lib/action_view/template.rb:143:in `render'
  actionpack (3.2.9) lib/action_view/renderer/template_renderer.rb:59:in `render_with_layout'
  actionpack (3.2.9) lib/action_view/renderer/template_renderer.rb:45:in `render_template'
  actionpack (3.2.9) lib/action_view/renderer/template_renderer.rb:18:in `render'
  actionpack (3.2.9) lib/action_view/renderer/renderer.rb:36:in `render_template'
  actionpack (3.2.9) lib/action_view/renderer/renderer.rb:17:in `render'
  actionpack (3.2.9) lib/abstract_controller/rendering.rb:110:in `_render_template'
  actionpack (3.2.9) lib/action_controller/metal/streaming.rb:225:in `_render_template'
  actionpack (3.2.9) lib/abstract_controller/rendering.rb:103:in `render_to_body'
  actionpack (3.2.9) lib/action_controller/metal/renderers.rb:28:in `render_to_body'
  actionpack (3.2.9) lib/action_controller/metal/compatibility.rb:50:in `render_to_body'
  actionpack (3.2.9) lib/abstract_controller/rendering.rb:88:in `render'
  actionpack (3.2.9) lib/action_controller/metal/rendering.rb:16:in `render'
  actionpack (3.2.9) lib/action_controller/metal/instrumentation.rb:40:in `block (2 levels) in render'
  activesupport (3.2.9) lib/active_support/core_ext/benchmark.rb:5:in `block in ms'
  /Users/Jannik/.rvm/rubies/ruby-1.9.3-p327/lib/ruby/1.9.1/benchmark.rb:295:in `realtime'
  activesupport (3.2.9) lib/active_support/core_ext/benchmark.rb:5:in `ms'
  actionpack (3.2.9) lib/action_controller/metal/instrumentation.rb:40:in `block in render'
  actionpack (3.2.9) lib/action_controller/metal/instrumentation.rb:83:in `cleanup_view_runtime'
  activerecord (3.2.9) lib/active_record/railties/controller_runtime.rb:24:in `cleanup_view_runtime'
  actionpack (3.2.9) lib/action_controller/metal/instrumentation.rb:39:in `render'
  actionpack (3.2.9) lib/action_controller/metal/implicit_render.rb:10:in `default_render'
  actionpack (3.2.9) lib/action_controller/metal/responder.rb:232:in `default_render'
  actionpack (3.2.9) lib/action_controller/metal/responder.rb:160:in `to_html'
  actionpack (3.2.9) lib/action_controller/metal/responder.rb:153:in `respond'
  actionpack (3.2.9) lib/action_controller/metal/responder.rb:146:in `call'
  actionpack (3.2.9) lib/action_controller/metal/mime_responds.rb:239:in `respond_with'
  devise (2.1.2) app/controllers/devise/registrations_controller.rb:8:in `new'
  actionpack (3.2.9) lib/action_controller/metal/implicit_render.rb:4:in `send_action'
  actionpack (3.2.9) lib/abstract_controller/base.rb:167:in `process_action'
  actionpack (3.2.9) lib/action_controller/metal/rendering.rb:10:in `process_action'
  actionpack (3.2.9) lib/abstract_controller/callbacks.rb:18:in `block in process_action'
  activesupport (3.2.9) lib/active_support/callbacks.rb:436:in `_run__3985080096292155720__process_action__749611575301297112__callbacks'
  activesupport (3.2.9) lib/active_support/callbacks.rb:405:in `__run_callback'
  activesupport (3.2.9) lib/active_support/callbacks.rb:385:in `_run_process_action_callbacks'
  activesupport (3.2.9) lib/active_support/callbacks.rb:81:in `run_callbacks'
  actionpack (3.2.9) lib/abstract_controller/callbacks.rb:17:in `process_action'
  actionpack (3.2.9) lib/action_controller/metal/rescue.rb:29:in `process_action'
  actionpack (3.2.9) lib/action_controller/metal/instrumentation.rb:30:in `block in process_action'
  activesupport (3.2.9) lib/active_support/notifications.rb:123:in `block in instrument'
  activesupport (3.2.9) lib/active_support/notifications/instrumenter.rb:20:in `instrument'
  activesupport (3.2.9) lib/active_support/notifications.rb:123:in `instrument'
  actionpack (3.2.9) lib/action_controller/metal/instrumentation.rb:29:in `process_action'
  actionpack (3.2.9) lib/action_controller/metal/params_wrapper.rb:207:in `process_action'
  activerecord (3.2.9) lib/active_record/railties/controller_runtime.rb:18:in `process_action'
  actionpack (3.2.9) lib/abstract_controller/base.rb:121:in `process'
  actionpack (3.2.9) lib/abstract_controller/rendering.rb:45:in `process'
  actionpack (3.2.9) lib/action_controller/metal.rb:203:in `dispatch'
  actionpack (3.2.9) lib/action_controller/metal/rack_delegation.rb:14:in `dispatch'
  actionpack (3.2.9) lib/action_controller/metal.rb:246:in `block in action'
  actionpack (3.2.9) lib/action_dispatch/routing/route_set.rb:73:in `call'
  actionpack (3.2.9) lib/action_dispatch/routing/route_set.rb:73:in `dispatch'
  actionpack (3.2.9) lib/action_dispatch/routing/route_set.rb:36:in `call'
  actionpack (3.2.9) lib/action_dispatch/routing/mapper.rb:42:in `call'
  journey (1.0.4) lib/journey/router.rb:68:in `block in call'
  journey (1.0.4) lib/journey/router.rb:56:in `each'
  journey (1.0.4) lib/journey/router.rb:56:in `call'
  actionpack (3.2.9) lib/action_dispatch/routing/route_set.rb:601:in `call'
  warden (1.2.1) lib/warden/manager.rb:35:in `block in call'
  warden (1.2.1) lib/warden/manager.rb:34:in `catch'
  warden (1.2.1) lib/warden/manager.rb:34:in `call'
  actionpack (3.2.9) lib/action_dispatch/middleware/best_standards_support.rb:17:in `call'
  rack (1.4.1) lib/rack/etag.rb:23:in `call'
  rack (1.4.1) lib/rack/conditionalget.rb:25:in `call'
  actionpack (3.2.9) lib/action_dispatch/middleware/head.rb:14:in `call'
  actionpack (3.2.9) lib/action_dispatch/middleware/params_parser.rb:21:in `call'
  actionpack (3.2.9) lib/action_dispatch/middleware/flash.rb:242:in `call'
  rack (1.4.1) lib/rack/session/abstract/id.rb:205:in `context'
  rack (1.4.1) lib/rack/session/abstract/id.rb:200:in `call'
  actionpack (3.2.9) lib/action_dispatch/middleware/cookies.rb:341:in `call'
  activerecord (3.2.9) lib/active_record/query_cache.rb:64:in `call'
  activerecord (3.2.9) lib/active_record/connection_adapters/abstract/connection_pool.rb:479:in `call'
  actionpack (3.2.9) lib/action_dispatch/middleware/callbacks.rb:28:in `block in call'
  activesupport (3.2.9) lib/active_support/callbacks.rb:405:in `_run__4478992500604929926__call__50851488415780352__callbacks'
  activesupport (3.2.9) lib/active_support/callbacks.rb:405:in `__run_callback'
  activesupport (3.2.9) lib/active_support/callbacks.rb:385:in `_run_call_callbacks'
  activesupport (3.2.9) lib/active_support/callbacks.rb:81:in `run_callbacks'
  actionpack (3.2.9) lib/action_dispatch/middleware/callbacks.rb:27:in `call'
  actionpack (3.2.9) lib/action_dispatch/middleware/reloader.rb:65:in `call'
  actionpack (3.2.9) lib/action_dispatch/middleware/remote_ip.rb:31:in `call'
  actionpack (3.2.9) lib/action_dispatch/middleware/debug_exceptions.rb:16:in `call'
  actionpack (3.2.9) lib/action_dispatch/middleware/show_exceptions.rb:56:in `call'
  railties (3.2.9) lib/rails/rack/logger.rb:32:in `call_app'
  railties (3.2.9) lib/rails/rack/logger.rb:16:in `block in call'
  activesupport (3.2.9) lib/active_support/tagged_logging.rb:22:in `tagged'
  railties (3.2.9) lib/rails/rack/logger.rb:16:in `call'
  actionpack (3.2.9) lib/action_dispatch/middleware/request_id.rb:22:in `call'
  rack (1.4.1) lib/rack/methodoverride.rb:21:in `call'
  rack (1.4.1) lib/rack/runtime.rb:17:in `call'
  activesupport (3.2.9) lib/active_support/cache/strategy/local_cache.rb:72:in `call'
  rack (1.4.1) lib/rack/lock.rb:15:in `call'
  actionpack (3.2.9) lib/action_dispatch/middleware/static.rb:62:in `call'
  railties (3.2.9) lib/rails/engine.rb:479:in `call'
  railties (3.2.9) lib/rails/application.rb:223:in `call'
  rack (1.4.1) lib/rack/content_length.rb:14:in `call'
  railties (3.2.9) lib/rails/rack/log_tailer.rb:17:in `call'
  rack (1.4.1) lib/rack/handler/webrick.rb:59:in `service'
  /Users/Jannik/.rvm/rubies/ruby-1.9.3-p327/lib/ruby/1.9.1/webrick/httpserver.rb:138:in `service'
  /Users/Jannik/.rvm/rubies/ruby-1.9.3-p327/lib/ruby/1.9.1/webrick/httpserver.rb:94:in `run'
  /Users/Jannik/.rvm/rubies/ruby-1.9.3-p327/lib/ruby/1.9.1/webrick/server.rb:191:in `block in start_thread'


  Rendered /Users/Jannik/.rvm/gems/ruby-1.9.3-p327/gems/actionpack-3.2.9/lib/action_dispatch/middleware/templates/rescues/_trace.erb (1.6ms)
  Rendered /Users/Jannik/.rvm/gems/ruby-1.9.3-p327/gems/actionpack-3.2.9/lib/action_dispatch/middleware/templates/rescues/_request_and_response.erb (1.1ms)
  Rendered /Users/Jannik/.rvm/gems/ruby-1.9.3-p327/gems/actionpack-3.2.9/lib/action_dispatch/middleware/templates/rescues/template_error.erb within rescues/layout (13.5ms)


Started GET "/users/sign_up" for 127.0.0.1 at 2013-01-11 13:23:58 +0100
Processing by Devise::RegistrationsController#new as HTML
  Rendered /Users/Jannik/.rvm/gems/ruby-1.9.3-p327/gems/devise-2.1.2/app/views/devise/shared/_links.erb (0.7ms)
  Rendered /Users/Jannik/.rvm/gems/ruby-1.9.3-p327/gems/devise-2.1.2/app/views/devise/registrations/new.html.erb within layouts/application (5.0ms)
Completed 500 Internal Server Error in 11ms

ActionView::Template::Error (Missing partial shared/navigation with {:locale=>[:en], :formats=>[:html], :handlers=>[:erb, :builder, :coffee]}. Searched in:
  * "/Users/Jannik/we2/finanzplan/app/views"
  * "/Users/Jannik/.rvm/gems/ruby-1.9.3-p327/gems/devise-2.1.2/app/views"
):
    2: <html>
    3: <head>
    4:   <title>Finanzplan</title>
    5:   <%= render 'shared/navigation' %>
    6:   {:locale=>[:en], :formats=>[:html], :handlers=>[:erb, :builder, :coffee]}
    7:   <%= stylesheet_link_tag    "application", :media => "all" %>
    8:   <%= javascript_include_tag "application" %>
  app/views/layouts/application.html.erb:5:in `_app_views_layouts_application_html_erb___4015907528170489947_70339111232600'


  Rendered /Users/Jannik/.rvm/gems/ruby-1.9.3-p327/gems/actionpack-3.2.9/lib/action_dispatch/middleware/templates/rescues/_trace.erb (1.7ms)
  Rendered /Users/Jannik/.rvm/gems/ruby-1.9.3-p327/gems/actionpack-3.2.9/lib/action_dispatch/middleware/templates/rescues/_request_and_response.erb (1.1ms)
  Rendered /Users/Jannik/.rvm/gems/ruby-1.9.3-p327/gems/actionpack-3.2.9/lib/action_dispatch/middleware/templates/rescues/template_error.erb within rescues/layout (10.6ms)
Connecting to database specified by database.yml


Started GET "/users/sign_up" for 127.0.0.1 at 2013-01-11 13:33:19 +0100
Processing by Devise::RegistrationsController#new as HTML
  Rendered /Users/Jannik/.rvm/gems/ruby-1.9.3-p327@finanzplan/gems/devise-2.1.2/app/views/devise/shared/_links.erb (2.4ms)
  Rendered /Users/Jannik/.rvm/gems/ruby-1.9.3-p327@finanzplan/gems/devise-2.1.2/app/views/devise/registrations/new.html.erb within layouts/application (397.4ms)
Completed 500 Internal Server Error in 555ms

ActionView::Template::Error (Missing partial shared/navigation with {:locale=>[:en], :formats=>[:html], :handlers=>[:erb, :builder, :coffee]}. Searched in:
  * "/Users/Jannik/we2/finanzplan/app/views"
  * "/Users/Jannik/.rvm/gems/ruby-1.9.3-p327@finanzplan/gems/devise-2.1.2/app/views"
):
    2: <html>
    3: <head>
    4:   <title>Finanzplan</title>
    5:   <%= render 'shared/navigation' %>
    6:   {:locale=>[:en], :formats=>[:html], :handlers=>[:erb, :builder, :coffee]}
    7:   <%= stylesheet_link_tag    "application", :media => "all" %>
    8:   <%= javascript_include_tag "application" %>
  app/views/layouts/application.html.erb:5:in `_app_views_layouts_application_html_erb___3359898832250244870_70265429107220'


  Rendered /Users/Jannik/.rvm/gems/ruby-1.9.3-p327@finanzplan/gems/actionpack-3.2.9/lib/action_dispatch/middleware/templates/rescues/_trace.erb (1.6ms)
  Rendered /Users/Jannik/.rvm/gems/ruby-1.9.3-p327@finanzplan/gems/actionpack-3.2.9/lib/action_dispatch/middleware/templates/rescues/_request_and_response.erb (1.1ms)
  Rendered /Users/Jannik/.rvm/gems/ruby-1.9.3-p327@finanzplan/gems/actionpack-3.2.9/lib/action_dispatch/middleware/templates/rescues/template_error.erb within rescues/layout (13.8ms)
Connecting to database specified by database.yml
Connecting to database specified by database.yml


Started GET "/users/sign_up" for 127.0.0.1 at 2013-01-11 17:04:21 +0100
Processing by Devise::RegistrationsController#new as HTML
  Rendered /Users/Jannik/.rvm/gems/ruby-1.9.3-p327/gems/devise-2.1.2/app/views/devise/shared/_links.erb (1.9ms)
  Rendered /Users/Jannik/.rvm/gems/ruby-1.9.3-p327/gems/devise-2.1.2/app/views/devise/registrations/new.html.erb within layouts/application (458.5ms)
  Rendered shared/_navigation.html.erb (0.3ms)
Compiled jquery.js  (2ms)  (pid 62095)
Compiled jquery_ujs.js  (0ms)  (pid 62095)
Compiled application.js  (79ms)  (pid 62095)
Completed 200 OK in 762ms (Views: 657.9ms | ActiveRecord: 3.8ms)


Started GET "/assets/application.css?body=1" for 127.0.0.1 at 2013-01-11 17:04:23 +0100
Served asset /application.css - 304 Not Modified (2ms)


Started GET "/assets/application.js?body=1" for 127.0.0.1 at 2013-01-11 17:04:23 +0100
Served asset /application.js - 304 Not Modified (4ms)


Started GET "/assets/jquery.js?body=1" for 127.0.0.1 at 2013-01-11 17:04:23 +0100
Served asset /jquery.js - 304 Not Modified (2ms)


Started GET "/users/sign_up" for 127.0.0.1 at 2013-01-11 17:05:42 +0100
Processing by Devise::RegistrationsController#new as HTML
  Rendered /Users/Jannik/.rvm/gems/ruby-1.9.3-p327/gems/devise-2.1.2/app/views/devise/shared/_links.erb (0.5ms)
  Rendered /Users/Jannik/.rvm/gems/ruby-1.9.3-p327/gems/devise-2.1.2/app/views/devise/registrations/new.html.erb within layouts/application (3.9ms)
  Rendered shared/_navigation.html.erb (0.0ms)
Completed 200 OK in 13ms (Views: 12.3ms | ActiveRecord: 0.0ms)


Started GET "/assets/application.css?body=1" for 127.0.0.1 at 2013-01-11 17:05:42 +0100
Served asset /application.css - 304 Not Modified (0ms)


Started GET "/assets/application.js?body=1" for 127.0.0.1 at 2013-01-11 17:05:42 +0100
Served asset /application.js - 304 Not Modified (0ms)


Started GET "/assets/jquery.js?body=1" for 127.0.0.1 at 2013-01-11 17:05:42 +0100
Served asset /jquery.js - 304 Not Modified (0ms)
